<?xml version="1.0" encoding="UTF-8"?>
<testsuite xmlns:xsi="http://www.w3.org/2001/XMLSchema-instance" xsi:noNamespaceSchemaLocation="https://maven.apache.org/surefire/maven-surefire-plugin/xsd/surefire-test-report-3.0.xsd" version="3.0" name="no.ntnu.idatg2001.mappe_2_hospital.db.PatientControllerTest" time="3.101" tests="6" errors="0" skipped="0" failures="0">
  <properties>
[...]
</properties>
  <testcase name="clearDatabaseTest" classname="no.ntnu.idatg2001.mappe_2_hospital.db.PatientControllerTest" time="1.113"/>
  <testcase name="removePatientTest" classname="no.ntnu.idatg2001.mappe_2_hospital.db.PatientControllerTest" time="0.408"/>
  <testcase name="updateDatabaseWithSocialNumberTest" classname="no.ntnu.idatg2001.mappe_2_hospital.db.PatientControllerTest" time="0.488"/>
  <testcase name="socialSecurityNumberExistsTest" classname="no.ntnu.idatg2001.mappe_2_hospital.db.PatientControllerTest" time="0.328"/>
  <testcase name="addPatientTest" classname="no.ntnu.idatg2001.mappe_2_hospital.db.PatientControllerTest" time="0.356"/>
  <testcase name="updateDatabaseWithoutSocialNumberTest" classname="no.ntnu.idatg2001.mappe_2_hospital.db.PatientControllerTest" time="0.403"/>
</testsuite>